<?xml version="1.0" encoding="UTF-8"?>
<!-- Generated by org.testng.reporters.JUnitReportReporter -->
<testsuite hostname="DESKTOP-KMN6TAK" failures="0" tests="5" name="com.nexsoft.cicool.TestLoginFunctionality" time="12.417" errors="0" timestamp="2022-06-15T22:51:08 ICT" skipped="0">
  <testcase classname="com.nexsoft.cicool.TestLoginFunctionality" name="testLogin_With_ValidUser_And_Pasword" time="3.640"/>
  <system-out>
    <![CDATA[<img src = 'file://D:\TestScreenshoot\20220615_225059.png'height="350" width="700"/>]]>
  </system-out>
  <testcase classname="com.nexsoft.cicool.TestLoginFunctionality" name="testLogin_With_ValidUser_And_WrongPasword" time="2.813"/>
  <system-out>
    <![CDATA[<img src = 'file://D:\TestScreenshoot\20220615_225102.png'height="350" width="700"/>]]>
  </system-out>
  <testcase classname="com.nexsoft.cicool.TestLoginFunctionality" name="testLoginWith_WrongUser_And_ValidPasword" time="2.113"/>
  <system-out>
    <![CDATA[<img src = 'file://D:\TestScreenshoot\20220615_225104.png'height="350" width="700"/>]]>
  </system-out>
  <testcase classname="com.nexsoft.cicool.TestLoginFunctionality" name="testLoginWith_EmptyUser_And_EmptyPasword" time="2.015"/>
  <system-out>
    <![CDATA[<img src = 'file://D:\TestScreenshoot\20220615_225106.png'height="350" width="700"/>]]>
  </system-out>
  <testcase classname="com.nexsoft.cicool.TestLoginFunctionality" name="testForgotPassword" time="1.836"/>
  <system-out>
    <![CDATA[<img src = 'file://D:\TestScreenshoot\20220615_225108.png'height="350" width="700"/>]]>
  </system-out>
</testsuite> <!-- com.nexsoft.cicool.TestLoginFunctionality -->
