<?xml version="1.0" encoding="UTF-8"?>
<!-- Generated by org.testng.reporters.JUnitReportReporter -->
<testsuite hostname="DESKTOP-KMN6TAK" failures="0" tests="1" name="com.nexsoft.cicool.TestLoginUser" time="4.305" errors="0" timestamp="2022-06-15T14:45:08 ICT" skipped="0">
  <testcase classname="com.nexsoft.cicool.TestLoginUser" name="testLogin" time="4.305"/>
  <system-out/>
</testsuite> <!-- com.nexsoft.cicool.TestLoginUser -->
