<?xml version="1.0" encoding="UTF-8"?>
<!-- Generated by org.testng.reporters.JUnitReportReporter -->
<testsuite hostname="DESKTOP-KMN6TAK" failures="0" tests="5" name="com.nexsoft.cicool.TestLoginFunctionality" time="12.560" errors="0" timestamp="2022-06-15T23:00:09 ICT" skipped="0">
  <testcase classname="com.nexsoft.cicool.TestLoginFunctionality" name="testLogin_With_ValidUser_And_Pasword" time="3.770"/>
  <system-out>
    <![CDATA[<img src = 'file://D:\TestScreenshoot\20220615_225959.png'height="350" width="700"/>]]>
  </system-out>
  <testcase classname="com.nexsoft.cicool.TestLoginFunctionality" name="testLogin_With_ValidUser_And_WrongPasword" time="2.854"/>
  <system-out>
    <![CDATA[<img src = 'file://D:\TestScreenshoot\20220615_230002.png'height="350" width="700"/>]]>
  </system-out>
  <testcase classname="com.nexsoft.cicool.TestLoginFunctionality" name="testLoginWith_WrongUser_And_ValidPasword" time="2.040"/>
  <system-out>
    <![CDATA[<img src = 'file://D:\TestScreenshoot\20220615_230004.png'height="350" width="700"/>]]>
  </system-out>
  <testcase classname="com.nexsoft.cicool.TestLoginFunctionality" name="testLoginWith_EmptyUser_And_EmptyPasword" time="1.936"/>
  <system-out>
    <![CDATA[<img src = 'file://D:\TestScreenshoot\20220615_230006.png'height="350" width="700"/>]]>
  </system-out>
  <testcase classname="com.nexsoft.cicool.TestLoginFunctionality" name="testForgotPassword" time="1.960"/>
  <system-out>
    <![CDATA[<img src = 'file://D:\TestScreenshoot\20220615_230008.png'height="350" width="700"/>]]>
  </system-out>
</testsuite> <!-- com.nexsoft.cicool.TestLoginFunctionality -->
